Starting the Attack
-------------------------------------------------------------------------
New Turn :
New Turn :
New Turn :
New Turn :
New Turn :
New Turn :
New Turn :
New Turn :
New Turn :
New Turn :
New Turn :
New Turn :
New Turn :
New Turn :
New Turn :
New Turn :
New Turn :
New Turn :
New Turn :
New Turn :
New Turn :
New Turn :
-------------------------------------------------------------------------
End Of the Attack the Attack
   1: Player 2 launched 105 (left 0) ships from planet 3 to planet 4
Starting the Attack
-------------------------------------------------------------------------
New Turn :
New Turn :
New Turn :
New Turn :
New Turn :
New Turn :
New Turn :
New Turn :
New Turn :
New Turn :
New Turn :
New Turn :
New Turn :
New Turn :
New Turn :
New Turn :
New Turn :
New Turn :
New Turn :
New Turn :
New Turn :
-------------------------------------------------------------------------
End Of the Attack the Attack
   4: Player 2 launched 15 (left 0) ships from planet 3 to planet 21
Starting the Attack
-------------------------------------------------------------------------
New Turn :
New Turn :
New Turn :
New Turn :
New Turn :
New Turn :
New Turn :
New Turn :
New Turn :
New Turn :
New Turn :
New Turn :
New Turn :
New Turn :
New Turn :
New Turn :
New Turn :
New Turn :
New Turn :
New Turn :
New Turn :
-------------------------------------------------------------------------
End Of the Attack the Attack
   8: Player 2 launched 20 (left 0) ships from planet 3 to planet 21
Starting the Attack
-------------------------------------------------------------------------
New Turn :
New Turn :
New Turn :
New Turn :
New Turn :
New Turn :
New Turn :
New Turn :
New Turn :
New Turn :
New Turn :
New Turn :
New Turn :
New Turn :
New Turn :
New Turn :
New Turn :
New Turn :
New Turn :
New Turn :
-------------------------------------------------------------------------
End Of the Attack the Attack
  12: Player 2 launched 20 (left 0) ships from planet 3 to planet 9
Starting the Attack
-------------------------------------------------------------------------
New Turn :
New Turn :
New Turn :
New Turn :
New Turn :
New Turn :
New Turn :
New Turn :
New Turn :
New Turn :
New Turn :
New Turn :
New Turn :
New Turn :
New Turn :
New Turn :
New Turn :
New Turn :
New Turn :
New Turn :
-------------------------------------------------------------------------
End Of the Attack the Attack
  16: Player 2 launched 20 (left 0) ships from planet 3 to planet 9
Starting the Attack
-------------------------------------------------------------------------
New Turn :
New Turn :
New Turn :
New Turn :
New Turn :
New Turn :
New Turn :
New Turn :
New Turn :
New Turn :
New Turn :
New Turn :
New Turn :
New Turn :
New Turn :
New Turn :
New Turn :
New Turn :
New Turn :
New Turn :
New Turn :
-------------------------------------------------------------------------
End Of the Attack the Attack
  20: Player 2 launched 93 (left 0) ships from planet 4 to planet 9
Starting the Attack
-------------------------------------------------------------------------
New Turn :
New Turn :
New Turn :
New Turn :
New Turn :
New Turn :
New Turn :
New Turn :
New Turn :
New Turn :
New Turn :
New Turn :
New Turn :
New Turn :
New Turn :
New Turn :
New Turn :
New Turn :
New Turn :
New Turn :
-------------------------------------------------------------------------
End Of the Attack the Attack
  23: Player 2 launched 9 (left 0) ships from planet 4 to planet 3
Starting the Attack
-------------------------------------------------------------------------
New Turn :
New Turn :
New Turn :
New Turn :
New Turn :
New Turn :
New Turn :
New Turn :
New Turn :
New Turn :
New Turn :
New Turn :
New Turn :
New Turn :
New Turn :
New Turn :
New Turn :
New Turn :
New Turn :
New Turn :
-------------------------------------------------------------------------
End Of the Attack the Attack
  26: Player 2 launched 9 (left 0) ships from planet 4 to planet 3
Starting the Attack
-------------------------------------------------------------------------
New Turn :
New Turn :
New Turn :
New Turn :
New Turn :
New Turn :
New Turn :
New Turn :
New Turn :
New Turn :
New Turn :
New Turn :
New Turn :
New Turn :
New Turn :
New Turn :
New Turn :
New Turn :
New Turn :
New Turn :
-------------------------------------------------------------------------
End Of the Attack the Attack
  29: Player 2 launched 9 (left 0) ships from planet 4 to planet 3
Starting the Attack
-------------------------------------------------------------------------
New Turn :
New Turn :
New Turn :
New Turn :
New Turn :
New Turn :
New Turn :
New Turn :
New Turn :
New Turn :
New Turn :
New Turn :
New Turn :
New Turn :
New Turn :
New Turn :
New Turn :
New Turn :
New Turn :
New Turn :
-------------------------------------------------------------------------
End Of the Attack the Attack
  32: Player 2 launched 9 (left 0) ships from planet 4 to planet 3
Starting the Attack
-------------------------------------------------------------------------
New Turn :
New Turn :
New Turn :
New Turn :
New Turn :
New Turn :
New Turn :
New Turn :
New Turn :
New Turn :
New Turn :
New Turn :
New Turn :
New Turn :
New Turn :
New Turn :
New Turn :
New Turn :
New Turn :
New Turn :
-------------------------------------------------------------------------
End Of the Attack the Attack
  35: Player 2 launched 9 (left 0) ships from planet 4 to planet 3
Starting the Attack
-------------------------------------------------------------------------
New Turn :
New Turn :
New Turn :
New Turn :
New Turn :
New Turn :
New Turn :
New Turn :
New Turn :
New Turn :
New Turn :
New Turn :
New Turn :
New Turn :
New Turn :
New Turn :
New Turn :
New Turn :
New Turn :
New Turn :
-------------------------------------------------------------------------
End Of the Attack the Attack
  38: Player 2 launched 9 (left 0) ships from planet 4 to planet 3
Starting the Attack
-------------------------------------------------------------------------
New Turn :
New Turn :
New Turn :
New Turn :
New Turn :
New Turn :
New Turn :
New Turn :
New Turn :
New Turn :
New Turn :
New Turn :
New Turn :
New Turn :
New Turn :
New Turn :
New Turn :
New Turn :
New Turn :
New Turn :
-------------------------------------------------------------------------
End Of the Attack the Attack
  41: Player 2 launched 9 (left 0) ships from planet 4 to planet 3
Starting the Attack
-------------------------------------------------------------------------
New Turn :
New Turn :
New Turn :
New Turn :
New Turn :
New Turn :
New Turn :
New Turn :
New Turn :
New Turn :
New Turn :
New Turn :
New Turn :
New Turn :
New Turn :
New Turn :
New Turn :
New Turn :
New Turn :
New Turn :
-------------------------------------------------------------------------
End Of the Attack the Attack
  44: Player 2 launched 9 (left 0) ships from planet 4 to planet 3
Starting the Attack
-------------------------------------------------------------------------
New Turn :
New Turn :
New Turn :
New Turn :
New Turn :
New Turn :
New Turn :
New Turn :
New Turn :
New Turn :
New Turn :
New Turn :
New Turn :
New Turn :
New Turn :
New Turn :
New Turn :
New Turn :
New Turn :
New Turn :
-------------------------------------------------------------------------
End Of the Attack the Attack
  47: Player 2 launched 9 (left 0) ships from planet 4 to planet 3
Starting the Attack
-------------------------------------------------------------------------
New Turn :
New Turn :
New Turn :
New Turn :
New Turn :
New Turn :
New Turn :
New Turn :
New Turn :
New Turn :
New Turn :
New Turn :
New Turn :
New Turn :
New Turn :
New Turn :
New Turn :
New Turn :
New Turn :
New Turn :
-------------------------------------------------------------------------
End Of the Attack the Attack
  50: Player 2 launched 9 (left 0) ships from planet 4 to planet 3
Starting the Attack
-------------------------------------------------------------------------
New Turn :
New Turn :
New Turn :
New Turn :
New Turn :
New Turn :
New Turn :
New Turn :
New Turn :
New Turn :
New Turn :
New Turn :
New Turn :
New Turn :
New Turn :
New Turn :
New Turn :
New Turn :
New Turn :
New Turn :
-------------------------------------------------------------------------
End Of the Attack the Attack
  53: Player 2 launched 9 (left 0) ships from planet 4 to planet 3
Starting the Attack
-------------------------------------------------------------------------
New Turn :
New Turn :
New Turn :
New Turn :
New Turn :
New Turn :
New Turn :
New Turn :
New Turn :
New Turn :
New Turn :
New Turn :
New Turn :
New Turn :
New Turn :
New Turn :
New Turn :
New Turn :
New Turn :
New Turn :
-------------------------------------------------------------------------
End Of the Attack the Attack
  56: Player 2 launched 9 (left 0) ships from planet 4 to planet 3
Starting the Attack
-------------------------------------------------------------------------
New Turn :
New Turn :
New Turn :
New Turn :
New Turn :
New Turn :
New Turn :
New Turn :
New Turn :
New Turn :
New Turn :
New Turn :
New Turn :
New Turn :
New Turn :
New Turn :
New Turn :
New Turn :
New Turn :
New Turn :
-------------------------------------------------------------------------
End Of the Attack the Attack
  59: Player 2 launched 9 (left 0) ships from planet 4 to planet 3
Starting the Attack
-------------------------------------------------------------------------
New Turn :
New Turn :
New Turn :
New Turn :
New Turn :
New Turn :
New Turn :
New Turn :
New Turn :
New Turn :
New Turn :
New Turn :
New Turn :
New Turn :
New Turn :
New Turn :
New Turn :
New Turn :
New Turn :
New Turn :
-------------------------------------------------------------------------
End Of the Attack the Attack
  62: Player 2 launched 9 (left 0) ships from planet 4 to planet 3
Starting the Attack
-------------------------------------------------------------------------
New Turn :
New Turn :
New Turn :
New Turn :
New Turn :
New Turn :
New Turn :
New Turn :
New Turn :
New Turn :
New Turn :
New Turn :
New Turn :
New Turn :
New Turn :
New Turn :
New Turn :
New Turn :
New Turn :
New Turn :
-------------------------------------------------------------------------
End Of the Attack the Attack
  65: Player 2 launched 9 (left 0) ships from planet 4 to planet 3
Starting the Attack
-------------------------------------------------------------------------
New Turn :
New Turn :
New Turn :
New Turn :
New Turn :
New Turn :
New Turn :
New Turn :
New Turn :
New Turn :
New Turn :
New Turn :
New Turn :
New Turn :
New Turn :
New Turn :
New Turn :
New Turn :
New Turn :
New Turn :
-------------------------------------------------------------------------
End Of the Attack the Attack
  68: Player 2 launched 9 (left 0) ships from planet 4 to planet 3
Starting the Attack
-------------------------------------------------------------------------
New Turn :
New Turn :
New Turn :
New Turn :
New Turn :
New Turn :
New Turn :
New Turn :
New Turn :
New Turn :
New Turn :
New Turn :
New Turn :
New Turn :
New Turn :
New Turn :
New Turn :
New Turn :
New Turn :
New Turn :
-------------------------------------------------------------------------
End Of the Attack the Attack
  71: Player 2 launched 9 (left 0) ships from planet 4 to planet 3
